[14:10:14] [ServerMain/WARN]: Invalid registry value type detected for PerfOS counters. Should be REG_DWORD. Ignoring: HKEY_LOCAL_MACHINE\SYSTEM\CurrentControlSet\Services\PerfOS\Performance\Disable Performance Counters.
[14:10:17] [ServerMain/INFO]: Environment: Environment[accountsHost=https://api.mojang.com, sessionHost=https://sessionserver.mojang.com, servicesHost=https://api.minecraftservices.com, name=PROD]
[14:10:19] [ServerMain/INFO]: Loaded 7 recipes
[14:10:19] [ServerMain/INFO]: Loaded 1271 advancements
[14:10:20] [Server thread/INFO]: Starting minecraft server version 1.20.2
[14:10:20] [Server thread/INFO]: Loading properties
[14:10:20] [Server thread/INFO]: Default game type: SURVIVAL
[14:10:20] [Server thread/INFO]: Generating keypair
[14:10:21] [Server thread/INFO]: Starting Minecraft server on *:25565
[14:10:21] [Server thread/INFO]: Using default channel type
[14:10:21] [Server thread/WARN]: **** SERVER IS RUNNING IN OFFLINE/INSECURE MODE!
[14:10:21] [Server thread/WARN]: The server will make no attempt to authenticate usernames. Beware.
[14:10:21] [Server thread/WARN]: While this makes the game possible to play without internet access, it also opens up the ability for hackers to connect with any username they choose.
[14:10:21] [Server thread/WARN]: To change this, set "online-mode" to "true" in the server.properties file.
[14:10:21] [Server thread/INFO]: Preparing level "world"
[14:10:22] [Server thread/INFO]: Preparing start region for dimension minecraft:overworld
[14:10:25] [Worker-Main-9/INFO]: Preparing spawn area: 0%
[14:10:25] [Worker-Main-5/INFO]: Preparing spawn area: 0%
[14:10:25] [Worker-Main-2/INFO]: Preparing spawn area: 0%
[14:10:25] [Worker-Main-10/INFO]: Preparing spawn area: 0%
[14:10:25] [Worker-Main-9/INFO]: Preparing spawn area: 0%
[14:10:25] [Worker-Main-1/INFO]: Preparing spawn area: 0%
[14:10:25] [Worker-Main-6/INFO]: Preparing spawn area: 0%
[14:10:25] [Worker-Main-3/INFO]: Preparing spawn area: 0%
[14:10:26] [Worker-Main-2/INFO]: Preparing spawn area: 5%
[14:10:26] [Worker-Main-3/INFO]: Preparing spawn area: 85%
[14:10:27] [Server thread/INFO]: Time elapsed: 5048 ms
[14:10:27] [Server thread/INFO]: Done (6.086s)! For help, type "help"
[14:12:01] [Server thread/INFO]: Fitzingout[/10.56.30.224:64446] logged in with entity id 407 at (104.109819132499, 124.0, -200.04404338606614)
[14:12:01] [Server thread/INFO]: Fitzingout joined the game
[14:12:10] [Server thread/INFO]: Fitzingout lost connection: Disconnected
[14:12:10] [Server thread/INFO]: Fitzingout left the game
[14:12:11] [Server thread/WARN]: Can't keep up! Is the server overloaded? Running 2002ms or 40 ticks behind
[14:13:10] [Server thread/INFO]: Stopping the server
[14:13:10] [Server thread/INFO]: Stopping server
[14:13:10] [Server thread/INFO]: Saving players
[14:13:10] [Server thread/INFO]: Saving worlds
[14:13:10] [Server thread/INFO]: Saving chunks for level 'ServerLevel[world]'/minecraft:overworld
[14:13:10] [Server thread/INFO]: Saving chunks for level 'ServerLevel[world]'/minecraft:the_nether
[14:13:10] [Server thread/INFO]: Saving chunks for level 'ServerLevel[world]'/minecraft:the_end
[14:13:10] [Server thread/INFO]: ThreadedAnvilChunkStorage (world): All chunks are saved
[14:13:10] [Server thread/INFO]: ThreadedAnvilChunkStorage (DIM-1): All chunks are saved
[14:13:10] [Server thread/INFO]: ThreadedAnvilChunkStorage (DIM1): All chunks are saved
[14:13:10] [Server thread/INFO]: ThreadedAnvilChunkStorage: All dimensions are saved
